Week3/build/app/outputs/mapping/release/mapping.txt
# compiler: R8
# compiler_version: 3.3.70
# min_api: 19
# common_typos_disable
# {"id":"com.android.tools.r8.mapping","version":"2.0"}
# pg_map_id: dc926fa
# pg_map_hash: SHA-256 dc926fa134ce5fb9c48621c1ca7b73110cc671c2482b312854972920125c702d
...
com.google.android.gms.internal.measurement.zzhu -> com.google.android.gms.internal.measurement.l6:
    java.lang.Object zza(java.lang.Object) -> a
com.google.android.gms.internal.measurement.zzhv -> com.google.android.gms.internal.measurement.m6:
    java.lang.Object zza(java.lang.Object) -> a
com.google.android.gms.internal.measurement.zzhw -> com.google.android.gms.internal.measurement.n6:
    java.lang.Object zza(java.lang.Object) -> a
com.google.android.gms.internal.measurement.zzhx -> com.google.android.gms.internal.measurement.o6:
    java.lang.Object zza(java.lang.Object) -> a
com.google.android.gms.internal.measurement.zzhy -> com.google.android.gms.internal.measurement.p6:
    boolean zze -> e
    java.lang.String zzc -> c
    java.lang.String zzb -> b
    android.net.Uri zza -> a
    boolean zzd -> d
    com.google.android.gms.internal.measurement.zzhy zza() -> a
    com.google.android.gms.internal.measurement.zzhy zzb() -> b
    com.google.android.gms.internal.measurement.zzib zzc(java.lang.String,double) -> c
    com.google.android.gms.internal.measurement.zzib zzd(java.lang.String,long) -> d
    com.google.android.gms.internal.measurement.zzib zze(java.lang.String,java.lang.String) -> e
    com.google.android.gms.internal.measurement.zzib zzf(java.lang.String,boolean) -> f
com.google.android.gms.internal.measurement.zzhz -> com.google.android.gms.internal.measurement.q6:
    android.content.Context zza() -> a
    com.google.android.gms.internal.measurement.zzim zzb() -> b
com.google.android.gms.internal.measurement.zzi -> com.google.android.gms.internal.measurement.r6:
    com.google.android.gms.internal.measurement.zzap zza(com.google.android.gms.internal.measurement.zzgy) -> a
    com.google.android.gms.internal.measurement.zzap zzb(java.lang.Object) -> b
com.google.android.gms.internal.measurement.zzia -> com.google.android.gms.internal.measurement.s6:
com.google.android.gms.internal.measurement.zzib -> com.google.android.gms.internal.measurement.t6:
    com.google.android.gms.internal.measurement.zzid zzh -> i
    java.lang.Object zzd -> f
    com.google.android.gms.internal.measurement.zzhy zza -> a
    java.util.concurrent.atomic.AtomicReference zzg -> h
    int $r8$clinit -> k
    java.lang.Object zzl -> e
    com.google.android.gms.internal.measurement.zzhz zze -> g
    java.lang.Object zzj -> c
    int zzk -> d
    java.lang.String zzb -> b
    java.util.concurrent.atomic.AtomicInteger zzi -> j
    java.lang.Object zza(java.lang.Object) -> a
    java.lang.Object zzb() -> b
    void zzc() -> c
    void zzd(android.content.Context) -> d
com.google.android.gms.internal.measurement.zzic -> com.google.android.gms.internal.measurement.u6:
    java.util.Map zza -> b
    android.content.SharedPreferences zzb -> a
    java.lang.Object zzb(java.lang.String) -> a
    com.google.android.gms.internal.measurement.zzic zza(android.content.Context,java.lang.String,java.lang.Runnable) -> b
    void zzc() -> c
com.google.android.gms.internal.measurement.zzid -> com.google.android.gms.internal.measurement.v6:
com.google.android.gms.internal.measurement.zzie -> com.google.android.gms.internal.measurement.w6:
    com.google.android.gms.internal.measurement.zzie zza -> l
    java.lang.Object zza() -> a
    boolean zzb() -> b
com.google.android.gms.internal.measurement.zzif -> com.google.android.gms.internal.measurement.x6:
com.google.android.gms.internal.measurement.zzig -> com.google.android.gms.internal.measurement.y6:
com.google.android.gms.internal.measurement.zzih -> com.google.android.gms.internal.measurement.z6:
    boolean zza(java.lang.Object,java.lang.Object) -> a
com.google.android.gms.internal.measurement.zzii -> com.google.android.gms.internal.measurement.a7:
    java.lang.Object zza() -> a
    boolean zzb() -> b
    com.google.android.gms.internal.measurement.zzii zzc() -> c
    com.google.android.gms.internal.measurement.zzii zzd(java.lang.Object) -> d